LogicalModel Log: 400 http://localhost:3000/api/v1/users in 0.004691s FAILED: 
LogicalModel Log RESPONSE: "745: unexpected token at 'user%5Bbio%5D=rubyist&user%5Bemail%5D=paul%40pauldix.net&user%5Bname%5D=paul&user%5Bpassword%5D=strongpass'"
LogicalModel Log: 400 http://localhost:3000/api/v1/users in 0.00462s FAILED: 
LogicalModel Log RESPONSE: "745: unexpected token at 'user%5Bbio%5D=rubyist&user%5Bemail%5D=paul%40pauldix.net&user%5Bname%5D=paul&user%5Bpassword%5D=strongpass'"
LogicalModel Log: 400 http://localhost:3000/api/v1/users in 0.004597s FAILED: 
LogicalModel Log RESPONSE: "745: unexpected token at 'user%5Bbio%5D=rubyist&user%5Bemail%5D=paul%40pauldix.net&user%5Bname%5D=paul&user%5Bpassword%5D=strongpass'"
LogicalModel Log: 400 http://localhost:3000/api/v1/users in 0.00463s FAILED: 
LogicalModel Log RESPONSE: "745: unexpected token at 'user%5Bbio%5D=rubyist&user%5Bemail%5D=paul%40pauldix.net&user%5Bname%5D=paul&user%5Bpassword%5D=strongpass'"
LogicalModel Log: 400 http://localhost:3000/api/v1/users in 0.004576s FAILED: 
LogicalModel Log RESPONSE: "745: unexpected token at 'user%5Bbio%5D=rubyist&user%5Bemail%5D=paul%40pauldix.net&user%5Bname%5D=paul&user%5Bpassword%5D=strongpass'"
LogicalModel Log: 400 http://localhost:3000/api/v1/users in 0.00471s FAILED: 
LogicalModel Log RESPONSE: "745: unexpected token at 'user%5Bbio%5D=rubyist&user%5Bemail%5D=paul%40pauldix.net&user%5Bname%5D=paul&user%5Bpassword%5D=strongpass'"
LogicalModel Log: 400 http://localhost:3000/api/v1/users in 0.004598s FAILED: 
LogicalModel Log RESPONSE: "745: unexpected token at 'user%5Bbio%5D=rubyist&user%5Bemail%5D=paul%40pauldix.net&user%5Bname%5D=paul&user%5Bpassword%5D=strongpass'"
LogicalModel Log: 400 http://localhost:3000/api/v1/users in 0.021388s FAILED: 
LogicalModel Log RESPONSE: "745: unexpected token at 'user%5Bbio%5D=rubyist&user%5Bemail%5D=paul%40pauldix.net&user%5Bname%5D=paul&user%5Bpassword%5D=strongpass'"
LogicalModel Log: 400 http://localhost:3000/api/v1/users in 0.004659s FAILED: 
LogicalModel Log RESPONSE: "745: unexpected token at 'user%5Bbio%5D=rubyist&user%5Bemail%5D=paul%40pauldix.net&user%5Bname%5D=paul&user%5Bpassword%5D=strongpass'"
LogicalModel Log: 400 http://localhost:3000/api/v1/users in 0.005105s FAILED: 
LogicalModel Log RESPONSE: "745: unexpected token at 'user%5Bbio%5D=rubyist&user%5Bemail%5D=paul%40pauldix.net&user%5Bname%5D=paul&user%5Bpassword%5D=strongpass'"
LogicalModel Log: 400 http://localhost:3000/api/v1/users in 0.004775s FAILED: 
LogicalModel Log RESPONSE: "745: unexpected token at 'user%5Bbio%5D=rubyist&user%5Bemail%5D=paul%40pauldix.net&user%5Bname%5D=paul&user%5Bpassword%5D=strongpass'"
LogicalModel Log: 400 http://localhost:3000/api/v1/users in 0.145529s FAILED: 
LogicalModel Log RESPONSE: {"errors":{"name":["has already been taken"],"email":["has already been taken"]}}
LogicalModel Log: 400 http://localhost:3000/api/v1/users in 0.0216s FAILED: 
LogicalModel Log RESPONSE: {"errors":{"name":["has already been taken"],"email":["has already been taken"]}}
LogicalModel Log: 400 http://localhost:3000/api/v1/users in 0.018887s FAILED: 
LogicalModel Log RESPONSE: {"errors":{"name":["has already been taken"],"email":["has already been taken"]}}
LogicalModel Log: 400 http://localhost:3000/api/v1/users in 0.127662s FAILED: 
LogicalModel Log RESPONSE: {"errors":{"name":["has already been taken"],"email":["has already been taken"]}}
LogicalModel Log: 0 https://localhost:3000/api/v1/users in 0.044237s FAILED: error
LogicalModel Log RESPONSE: 
LogicalModel Log: 0 https://localhost:3000/api/v1/users in 0.000878s FAILED: error
LogicalModel Log RESPONSE: 
LogicalModel Log: 0 https://localhost:3000/api/v1/users in 0.001611s FAILED: error
LogicalModel Log RESPONSE: 
LogicalModel Log: 400 http://localhost:3000/api/v1/users in 0.233063s FAILED: 
LogicalModel Log RESPONSE: {"errors":{"name":["has already been taken"],"email":["has already been taken"]}}
LogicalModel Log: 400 http://localhost:3000/api/v1/users in 0.157818s FAILED: 
LogicalModel Log RESPONSE: {"errors":{"name":["has already been taken"],"email":["has already been taken"]}}
LogicalModel Log: 400 http://localhost:3000/api/v1/users in 0.067717s FAILED: 
LogicalModel Log RESPONSE: {"errors":{"name":["has already been taken"],"email":["has already been taken"]}}
LogicalModel Log: 400 http://localhost:3000/api/v1/users in 0.011295s FAILED: 
LogicalModel Log RESPONSE: {"errors":{"name":["has already been taken"],"email":["has already been taken"]}}
LogicalModel Log: 400 http://localhost:3000/api/v1/users in 0.019577s FAILED: 
LogicalModel Log RESPONSE: {"errors":{"name":["has already been taken"],"email":["has already been taken"]}}
LogicalModel Log: 400 http://localhost:3000/api/v1/users in 0.047789s FAILED: 
LogicalModel Log RESPONSE: {"errors":{"name":["has already been taken"],"email":["has already been taken"]}}
LogicalModel Log: 400 http://localhost:3000/api/v1/users in 0.021546s FAILED: 
LogicalModel Log RESPONSE: {"errors":{"name":["has already been taken"],"email":["has already been taken"]}}
LogicalModel Log: 400 http://localhost:3000/api/v1/users in 0.049893s FAILED: 
LogicalModel Log RESPONSE: {"errors":{"name":["has already been taken"],"email":["has already been taken"]}}
LogicalModel Log: 400 http://localhost:3000/api/v1/users in 5.021058s FAILED: 
LogicalModel Log RESPONSE: {"errors":{"name":["has already been taken"],"email":["has already been taken"]}}
LogicalModel Log: 400 http://localhost:3000/api/v1/users in 0.047952s FAILED: 
LogicalModel Log RESPONSE: {"errors":{"name":["has already been taken"],"email":["has already been taken"]}}
LogicalModel Log: 0 http://localhost:3000/api/v1/users in 0.001093s FAILED: error
LogicalModel Log RESPONSE: 
LogicalModel Log: 0 http://localhost:3000/api/v1/users in 0.000394s FAILED: error
LogicalModel Log RESPONSE: 
LogicalModel Log: 400 http://localhost:3000/api/v1/users in 0.136481s FAILED: 
LogicalModel Log RESPONSE: {"errors":{"name":["has already been taken"],"email":["has already been taken"]}}
LogicalModel Log: 400 http://localhost:3000/api/v1/users in 0.050792s FAILED: 
LogicalModel Log RESPONSE: {"errors":{"name":["has already been taken"],"email":["has already been taken"]}}
LogicalModel Log: 200 http://localhost:3000/api/v1/users in 0.141034s FAILED: 
LogicalModel Log RESPONSE: {"user":{"name":"bryan","created_at":"2011-11-03T14:37:44-03:00","updated_at":"2011-11-03T14:37:44-03:00","id":24,"bio":"another rubyist","email":"bryan@pauldix.net"}}
LogicalModel Log: 400 http://localhost:3000/api/v1/users in 0.050582s FAILED: 
LogicalModel Log RESPONSE: {"errors":{"name":["has already been taken"],"email":["has already been taken"]}}
LogicalModel Log: 400 http://localhost:3000/api/v1/users in 0.035647s FAILED: 
LogicalModel Log RESPONSE: {"errors":{"name":["has already been taken"],"email":["has already been taken"]}}
LogicalModel Log: 200 http://localhost:3000/api/v1/users in 0.201605s FAILED: 
LogicalModel Log RESPONSE: {"user":{"name":"bryan","created_at":"2011-11-03T14:39:18-03:00","updated_at":"2011-11-03T14:39:18-03:00","id":26,"bio":"another rubyist","email":"bryan@pauldix.net"}}
LogicalModel Log: 400 http://localhost:3000/api/v1/users in 0.038625s FAILED: 
LogicalModel Log RESPONSE: {"errors":{"name":["has already been taken"],"email":["has already been taken"]}}
LogicalModel Log: 200 http://localhost:3000/api/v1/users in 0.191726s FAILED: 
LogicalModel Log RESPONSE: {"user":{"name":"bryan","created_at":"2011-11-03T14:41:10-03:00","updated_at":"2011-11-03T14:41:10-03:00","id":28,"bio":"another rubyist","email":"bryan@pauldix.net"}}
LogicalModel Log: 400 http://localhost:3000/api/v1/users in 0.018539s FAILED: 
LogicalModel Log RESPONSE: {"errors":{"name":["has already been taken"],"email":["has already been taken"]}}
LogicalModel Log: 400 http://localhost:3000/api/v1/users in 0.049956s FAILED: 
LogicalModel Log RESPONSE: {"errors":{"name":["has already been taken"],"email":["has already been taken"]}}
LogicalModel Log: 400 http://localhost:3000/api/v1/users in 0.018731s FAILED: 
LogicalModel Log RESPONSE: {"errors":{"name":["has already been taken"],"email":["has already been taken"]}}
LogicalModel Log: 400 http://localhost:3000/api/v1/users in 0.048094s FAILED: 
LogicalModel Log RESPONSE: {"errors":{"name":["has already been taken"],"email":["has already been taken"]}}
LogicalModel Log: 400 http://localhost:3000/api/v1/users in 0.02157s FAILED: 
LogicalModel Log RESPONSE: {"errors":{"name":["has already been taken"],"email":["has already been taken"]}}
LogicalModel Log: 400 http://localhost:3000/api/v1/users in 0.051048s FAILED: 
LogicalModel Log RESPONSE: {"errors":{"name":["has already been taken"],"email":["has already been taken"]}}
LogicalModel Log: 400 http://localhost:3000/api/v1/users in 5.02165s FAILED: 
LogicalModel Log RESPONSE: {"errors":{"name":["has already been taken"],"email":["has already been taken"]}}
LogicalModel Log: 400 http://localhost:3000/api/v1/users in 0.050986s FAILED: 
LogicalModel Log RESPONSE: {"errors":{"name":["has already been taken"],"email":["has already been taken"]}}
LogicalModel Log: 400 http://localhost:3000/api/v1/users in 0.013325s FAILED: 
LogicalModel Log RESPONSE: {"errors":{"name":["has already been taken"],"email":["has already been taken"]}}
LogicalModel Log: 400 http://localhost:3000/api/v1/users in 0.11644s FAILED: 
LogicalModel Log RESPONSE: {"errors":{"name":["has already been taken"],"email":["has already been taken"]}}
LogicalModel Log: 400 http://localhost:3000/api/v1/users in 0.014655s FAILED: 
LogicalModel Log RESPONSE: {"errors":{"name":["has already been taken"],"email":["has already been taken"]}}
LogicalModel Log: 400 http://localhost:3000/api/v1/users in 0.050812s FAILED: 
LogicalModel Log RESPONSE: {"errors":{"name":["has already been taken"],"email":["has already been taken"]}}
LogicalModel Log: 400 http://localhost:3000/api/v1/users in 0.015264s FAILED: 
LogicalModel Log RESPONSE: {"errors":{"name":["has already been taken"],"email":["has already been taken"]}}
LogicalModel Log: 400 http://localhost:3000/api/v1/users in 0.048666s FAILED: 
LogicalModel Log RESPONSE: {"errors":{"name":["has already been taken"],"email":["has already been taken"]}}
LogicalModel Log: 400 http://localhost:3000/api/v1/users in 5.023148s FAILED: 
LogicalModel Log RESPONSE: {"errors":{"name":["has already been taken"],"email":["has already been taken"]}}
LogicalModel Log: 400 http://localhost:3000/api/v1/users in 0.047819s FAILED: 
LogicalModel Log RESPONSE: {"errors":{"name":["has already been taken"],"email":["has already been taken"]}}
LogicalModel Log: 400 http://localhost:3000/api/v1/users in 0.014254s FAILED: 
LogicalModel Log RESPONSE: {"errors":{"name":["has already been taken"],"email":["has already been taken"]}}
LogicalModel Log: 400 http://localhost:3000/api/v1/users in 0.048866s FAILED: 
LogicalModel Log RESPONSE: {"errors":{"name":["has already been taken"],"email":["has already been taken"]}}
LogicalModel Log: 400 http://localhost:3000/api/v1/users in 0.01741s FAILED: 
LogicalModel Log RESPONSE: {"errors":{"name":["has already been taken"],"email":["has already been taken"]}}
LogicalModel Log: 400 http://localhost:3000/api/v1/users in 0.051693s FAILED: 
LogicalModel Log RESPONSE: {"errors":{"name":["has already been taken"],"email":["has already been taken"]}}
LogicalModel Log: 400 http://localhost:3000/api/v1/users in 0.035599s FAILED: 
LogicalModel Log RESPONSE: {"errors":{"name":["has already been taken"],"email":["has already been taken"]}}
LogicalModel Log: 200 http://localhost:3000/api/v1/users in 0.187376s FAILED: 
LogicalModel Log RESPONSE: {"user":{"name":"bryan","created_at":"2011-11-03T14:58:14-03:00","updated_at":"2011-11-03T14:58:14-03:00","id":30,"bio":"another rubyist","email":"bryan@pauldix.net"}}
LogicalModel Log: 400 http://localhost:3000/api/v1/users in 0.02095s FAILED: 
LogicalModel Log RESPONSE: {"errors":{"name":["has already been taken"],"email":["has already been taken"]}}
LogicalModel Log: 0 https://localhost:3000/api/v1/users in 0.000257s FAILED: error
LogicalModel Log RESPONSE: 
LogicalModel Log: 400 http://localhost:3000/api/v1/users in 0.023091s FAILED: 
LogicalModel Log RESPONSE: {"errors":{"name":["has already been taken"],"email":["has already been taken"]}}
LogicalModel Log: 0 https://localhost:3000/api/v1/users in 0.000932s FAILED: error
LogicalModel Log RESPONSE: 
LogicalModel Log: 400 http://localhost:3000/api/v1/users in 0.019534s FAILED: 
LogicalModel Log RESPONSE: {"errors":{"name":["has already been taken"],"email":["has already been taken"]}}
LogicalModel Log: 400 http://localhost:3000/api/v1/users in 5.0228s FAILED: 
LogicalModel Log RESPONSE: {"errors":{"name":["has already been taken"],"email":["has already been taken"]}}
LogicalModel Log: 400 http://localhost:3000/api/v1/users in 0.012712s FAILED: 
LogicalModel Log RESPONSE: {"errors":{"name":["has already been taken"],"email":["has already been taken"]}}
LogicalModel Log: 400 http://localhost:3000/api/v1/users in 0.050448s FAILED: 
LogicalModel Log RESPONSE: {"errors":{"name":["has already been taken"],"email":["has already been taken"]}}
LogicalModel Log: 400 http://localhost:3000/api/v1/users in 0.058483s FAILED: 
LogicalModel Log RESPONSE: {"errors":{"name":["has already been taken"],"email":["has already been taken"]}}
LogicalModel Log: 400 http://localhost:3000/api/v1/users in 0.01427s FAILED: 
LogicalModel Log RESPONSE: {"errors":{"name":["has already been taken"],"email":["has already been taken"]}}
LogicalModel Log: 400 http://localhost:3000/api/v1/users in 0.051569s FAILED: 
LogicalModel Log RESPONSE: {"errors":{"name":["has already been taken"],"email":["has already been taken"]}}
LogicalModel Log: 400 http://localhost:3000/api/v1/users in 0.116518s FAILED: 
LogicalModel Log RESPONSE: {"errors":{"name":["has already been taken"],"email":["has already been taken"]}}
